2025-06-19 14:56:21|INFO    |MainThread|save_config         |تم حفظ الإعدادات في /home/sws/Desktop/Linkedin Checker/config.json
2025-06-19 14:56:31|INFO    |MainThread|save_config         |Configuration saved to /home/sws/Desktop/Linkedin Checker/config.json
2025-06-19 14:56:47|INFO    |MainThread|save_config         |Configuration saved to /home/sws/Desktop/Linkedin Checker/config.json
2025-06-19 14:56:47|INFO    |MainThread|load_config         |Configuration loaded from /home/sws/Desktop/Linkedin Checker/config.json
2025-06-19 14:56:50|INFO    |MainThread|save_config         |Configuration saved to /home/sws/Desktop/Linkedin Checker/config.json
2025-06-19 15:11:38|INFO    |MainThread|load_config         |Configuration loaded from /home/sws/Desktop/Linkedin Checker/config.json
2025-06-19 15:11:53|INFO    |MainThread|save_config         |Configuration saved to /home/sws/Desktop/Linkedin Checker/config.json
2025-06-19 15:58:18|INFO    |CheckerThread|====== WebDriver manager ======
2025-06-19 15:58:18|INFO    |CheckerThread|Get LATEST chromedriver version for google-chrome
2025-06-19 15:58:18|INFO    |CheckerThread|Get LATEST chromedriver version for google-chrome
2025-06-19 15:58:18|INFO    |CheckerThread|There is no [linux64] chromedriver "137.0.7151.119" for browser google-chrome "137.0.7151" in cache
2025-06-19 15:58:18|INFO    |CheckerThread|Get LATEST chromedriver version for google-chrome
2025-06-19 15:58:18|INFO    |CheckerThread|WebDriver version 137.0.7151.119 selected
2025-06-19 15:58:18|INFO    |CheckerThread|Modern chrome version https://storage.googleapis.com/chrome-for-testing-public/137.0.7151.119/linux64/chromedriver-linux64.zip
2025-06-19 15:58:18|INFO    |CheckerThread|About to download new driver from https://storage.googleapis.com/chrome-for-testing-public/137.0.7151.119/linux64/chromedriver-linux64.zip
2025-06-19 15:58:19|INFO    |CheckerThread|Driver downloading response is 200
2025-06-19 15:58:19|INFO    |CheckerThread|Get LATEST chromedriver version for google-chrome
2025-06-19 15:58:19|INFO    |CheckerThread|Driver has been saved in cache [/home/sws/.wdm/drivers/chromedriver/linux64/137.0.7151.119]
2025-06-19 15:58:33|INFO    |CheckerThread|====== WebDriver manager ======
2025-06-19 15:58:33|INFO    |CheckerThread|Get LATEST geckodriver version for 139.0 firefox
2025-06-19 15:58:33|INFO    |CheckerThread|Get LATEST geckodriver version for 139.0 firefox
2025-06-19 15:58:33|INFO    |CheckerThread|There is no [linux64] geckodriver "v0.36.0" for browser firefox "139.0" in cache
2025-06-19 15:58:33|INFO    |CheckerThread|Get LATEST geckodriver version for 139.0 firefox
2025-06-19 15:58:34|INFO    |CheckerThread|Getting latest mozilla release info for v0.36.0
2025-06-19 15:58:34|INFO    |CheckerThread|About to download new driver from https://github.com/mozilla/geckodriver/releases/download/v0.36.0/geckodriver-v0.36.0-linux64.tar.gz
2025-06-19 15:58:35|INFO    |CheckerThread|Driver downloading response is 200
2025-06-19 15:58:35|INFO    |CheckerThread|Get LATEST geckodriver version for 139.0 firefox
2025-06-19 15:58:36|INFO    |CheckerThread|Driver has been saved in cache [/home/sws/.wdm/drivers/geckodriver/linux64/v0.36.0]
2025-06-19 15:59:23|INFO    |CheckerThread|====== WebDriver manager ======
2025-06-19 15:59:23|INFO    |CheckerThread|Get LATEST geckodriver version for 139.0 firefox
2025-06-19 15:59:23|INFO    |CheckerThread|Get LATEST geckodriver version for 139.0 firefox
2025-06-19 15:59:23|INFO    |CheckerThread|Driver [/home/sws/.wdm/drivers/geckodriver/linux64/v0.36.0/geckodriver] found in cache
2025-06-19 16:01:02|INFO    |CheckerThread|====== WebDriver manager ======
2025-06-19 16:01:02|INFO    |CheckerThread|Get LATEST geckodriver version for 139.0 firefox
2025-06-19 16:01:02|INFO    |CheckerThread|Get LATEST geckodriver version for 139.0 firefox
2025-06-19 16:01:02|INFO    |CheckerThread|Driver [/home/sws/.wdm/drivers/geckodriver/linux64/v0.36.0/geckodriver] found in cache
2025-06-19 16:01:32|INFO    |CheckerThread|====== WebDriver manager ======
2025-06-19 16:01:32|INFO    |CheckerThread|Get LATEST geckodriver version for 139.0 firefox
2025-06-19 16:01:33|INFO    |CheckerThread|Get LATEST geckodriver version for 139.0 firefox
2025-06-19 16:01:33|INFO    |CheckerThread|Driver [/home/sws/.wdm/drivers/geckodriver/linux64/v0.36.0/geckodriver] found in cache
2025-06-19 16:06:38|INFO    |CheckerThread|====== WebDriver manager ======
2025-06-19 16:06:38|INFO    |CheckerThread|Get LATEST geckodriver version for 139.0 firefox
2025-06-19 16:06:39|INFO    |CheckerThread|Get LATEST geckodriver version for 139.0 firefox
2025-06-19 16:06:39|INFO    |CheckerThread|Driver [/home/sws/.wdm/drivers/geckodriver/linux64/v0.36.0/geckodriver] found in cache
2025-06-19 16:11:48|INFO    |CheckerThread|====== WebDriver manager ======
2025-06-19 16:11:48|INFO    |CheckerThread|Get LATEST geckodriver version for 139.0 firefox
2025-06-19 16:11:48|INFO    |CheckerThread|Get LATEST geckodriver version for 139.0 firefox
2025-06-19 16:11:49|INFO    |CheckerThread|Driver [/home/sws/.wdm/drivers/geckodriver/linux64/v0.36.0/geckodriver] found in cache
2025-06-19 16:20:24|INFO    |CheckerThread|====== WebDriver manager ======
2025-06-19 16:20:24|INFO    |CheckerThread|Get LATEST geckodriver version for 139.0 firefox
2025-06-19 16:20:24|INFO    |CheckerThread|Get LATEST geckodriver version for 139.0 firefox
2025-06-19 16:20:24|INFO    |CheckerThread|Driver [/home/sws/.wdm/drivers/geckodriver/linux64/v0.36.0/geckodriver] found in cache
2025-06-19 16:31:06|INFO    |CheckerThread|====== WebDriver manager ======
2025-06-19 16:31:06|INFO    |CheckerThread|Get LATEST geckodriver version for 139.0 firefox
2025-06-19 16:31:06|INFO    |CheckerThread|Get LATEST geckodriver version for 139.0 firefox
2025-06-19 16:31:06|INFO    |CheckerThread|Driver [/home/sws/.wdm/drivers/geckodriver/linux64/v0.36.0/geckodriver] found in cache
2025-06-19 16:43:01|INFO    |CheckerThread|====== WebDriver manager ======
2025-06-19 16:43:01|INFO    |CheckerThread|Get LATEST geckodriver version for 139.0 firefox
2025-06-19 16:43:02|INFO    |CheckerThread|Get LATEST geckodriver version for 139.0 firefox
2025-06-19 16:43:02|INFO    |CheckerThread|Driver [/home/sws/.wdm/drivers/geckodriver/linux64/v0.36.0/geckodriver] found in cache
2025-06-19 17:01:59|INFO    |ThreadPoolExecutor-0_0|====== WebDriver manager ======
2025-06-19 17:01:59|INFO    |ThreadPoolExecutor-0_0|Get LATEST geckodriver version for 139.0 firefox
2025-06-19 17:02:00|INFO    |ThreadPoolExecutor-0_0|Get LATEST geckodriver version for 139.0 firefox
2025-06-19 17:02:00|INFO    |ThreadPoolExecutor-0_0|Driver [/home/sws/.wdm/drivers/geckodriver/linux64/v0.36.0/geckodriver] found in cache
2025-06-19 17:20:30|INFO    |LinkChecker_0|====== WebDriver manager ======
2025-06-19 17:20:30|INFO    |LinkChecker_0|Get LATEST geckodriver version for 139.0 firefox
2025-06-19 17:20:30|INFO    |LinkChecker_0|Get LATEST geckodriver version for 139.0 firefox
2025-06-19 17:20:30|INFO    |LinkChecker_0|Driver [/home/sws/.wdm/drivers/geckodriver/linux64/v0.36.0/geckodriver] found in cache
2025-06-19 17:51:44|INFO    |LinkCheckerWorker_0|====== WebDriver manager ======
2025-06-19 17:51:44|INFO    |LinkCheckerWorker_0|Get LATEST geckodriver version for 139.0 firefox
2025-06-19 17:51:45|INFO    |LinkCheckerWorker_0|Get LATEST geckodriver version for 139.0 firefox
2025-06-19 17:51:45|INFO    |LinkCheckerWorker_0|Driver [/home/sws/.wdm/drivers/geckodriver/linux64/v0.36.0/geckodriver] found in cache
2025-06-19 17:52:19|INFO    |LinkCheckerWorker_0|====== WebDriver manager ======
2025-06-19 17:52:19|INFO    |LinkCheckerWorker_0|Get LATEST geckodriver version for 139.0 firefox
2025-06-19 17:52:19|INFO    |LinkCheckerWorker_0|Get LATEST geckodriver version for 139.0 firefox
2025-06-19 17:52:19|INFO    |LinkCheckerWorker_0|Driver [/home/sws/.wdm/drivers/geckodriver/linux64/v0.36.0/geckodriver] found in cache
2025-06-19 17:52:26|INFO    |LinkCheckerWorker_0|====== WebDriver manager ======
2025-06-19 17:52:26|INFO    |LinkCheckerWorker_0|Get LATEST geckodriver version for 139.0 firefox
2025-06-19 17:52:26|INFO    |LinkCheckerWorker_0|Get LATEST geckodriver version for 139.0 firefox
2025-06-19 17:52:26|INFO    |LinkCheckerWorker_0|Driver [/home/sws/.wdm/drivers/geckodriver/linux64/v0.36.0/geckodriver] found in cache
